<?xml version="1.0" encoding="UTF-8"?>
<!-- Generated by org.testng.reporters.JUnitReportReporter -->
<testsuite hostname="DESKTOP-RM1GTDF" failures="0" tests="1" name="Storetest" time="23.021" errors="0" timestamp="2024-10-18T21:47:56 EET" skipped="0">
  <testcase classname="Storetest" name="signup" time="23.021"/>
  <system-out/>
</testsuite> <!-- Storetest -->
